<?xml version="1.0" encoding="utf-8"?><testsuites><testsuite name="pytest" errors="0" failures="0" skipped="0" tests="260" time="12.619" timestamp="2025-11-04T12:15:05.170928" hostname="MacBookPro-GL7XYTHYD4"><testcase classname="tests.api.v1.test_bounding_boxes" name="test_bounding_boxes_success" time="0.567" /><testcase classname="tests.api.v1.test_bounding_boxes" name="test_bounding_boxes_nonexistent_pdf" time="0.080" /><testcase classname="tests.api.v1.test_bounding_boxes" name="test_bounding_boxes_invalid_page" time="0.109" /><testcase classname="tests.api.v1.test_bounding_boxes" name="test_bounding_boxes_invalid_filename" time="0.065" /><testcase classname="tests.api.v1.test_create_pngs" name="test_upload_png_to_s3" time="0.101" /><testcase classname="tests.api.v1.test_create_pngs" name="test_create_pngs_success" time="0.826" /><testcase classname="tests.api.v1.test_create_pngs" name="test_create_pngs_invalid_filename" time="0.067" /><testcase classname="tests.api.v1.test_create_pngs" name="test_create_pngs_nonexistent_pdf" time="0.086" /><testcase classname="tests.api.v1.test_create_pngs" name="test_create_pngs_missing_pdf_extension" time="0.223" /><testcase classname="tests.api.v1.test_create_pngs" name="test_create_pngs_invalid_filename_format" time="0.065" /><testcase classname="tests.api.v1.test_extract_data" name="test_load_pdf_from_aws" time="0.103" /><testcase classname="tests.api.v1.test_extract_data" name="test_extract_coordinate_fail" time="0.575" /><testcase classname="tests.api.v1.test_extract_data" name="test_extract_text_success" time="0.416" /><testcase classname="tests.api.v1.test_extract_data" name="test_clipping_behavior" time="0.325" /><testcase classname="tests.api.v1.test_extract_data" name="test_extract_text_empty" time="0.283" /><testcase classname="tests.api.v1.test_extract_data" name="test_extract_coordinate_success" time="0.551" /><testcase classname="tests.api.v1.test_extract_data" name="test_incomplete_request" time="0.126" /><testcase classname="tests.api.v1.test_extract_data" name="test_page_number_out_of_range" time="0.135" /><testcase classname="tests.api.v1.test_extract_data" name="test_invalid_format" time="0.124" /><testcase classname="tests.api.v1.test_extract_data" name="test_invalid_pdf" time="0.138" /><testcase classname="tests.api.v1.test_extract_data" name="test_number_extraction" time="0.556" /><testcase classname="tests.api.v1.test_extract_data" name="test_number_extraction_failure" time="0.282" /><testcase classname="tests.api.v1.test_extract_stratigraphy" name="test_extract_stratigraphy_success" time="4.665" /><testcase classname="tests.api.v1.test_extract_stratigraphy" name="test_extract_stratigraphy_nonexistent_pdf" time="0.082" /><testcase classname="tests.api.v1.test_extract_stratigraphy" name="test_extract_stratigraphy_nonexistent_png" time="0.222" /><testcase classname="tests.api.v1.test_extract_stratigraphy" name="test_extract_stratigraphy_invalid_filename" time="0.066" /><testcase classname="tests.classification.test_data_formatter" name="test_resolve_reference[Silt, dark grey-Silt, dark grey]" time="0.003" /><testcase classname="tests.classification.test_data_formatter" name="test_resolve_reference[Same as 2.0m, but darker-Clay, grey, soft, but darker]" time="0.001" /><testcase classname="tests.classification.test_data_formatter" name="test_resolve_reference[Do but finer.-Gravel, coarse but finer.]" time="0.001" /><testcase classname="tests.classification.test_data_formatter" name="test_resolve_reference[Dolomite, light grey-Dolomite, light grey]" time="0.000" /><testcase classname="tests.classification.test_data_formatter" name="test_resolve_reference[Dirt with 1.0-2.0m depth-Dirt with 1.0-2.0m depth]" time="0.000" /><testcase classname="tests.classification.test_data_formatter" name="test_resolve_reference[wie 2.0 m.\xfc.M-Clay, grey, soft]" time="0.000" /><testcase classname="tests.classification.test_data_formatter" name="test_resolve_reference[wie 2.0 -Clay, grey, soft ]" time="0.001" /><testcase classname="tests.classification.test_data_formatter" name="test_resolve_reference[wie 2.0 mit viel stein.-Clay, grey, soft mit viel stein.]" time="0.001" /><testcase classname="tests.classification.test_evaluation" name="test_macro_average_matches_sklearn[typical]" time="0.010" /><testcase classname="tests.classification.test_evaluation" name="test_macro_average_matches_sklearn[empty_inputs]" time="0.007" /><testcase classname="tests.classification.test_evaluation" name="test_macro_average_matches_sklearn[no_1_in_true]" time="0.008" /><testcase classname="tests.classification.test_evaluation" name="test_macro_average_matches_sklearn[no_1_in_pred]" time="0.008" /><testcase classname="tests.classification.test_evaluation" name="test_macro_average_matches_sklearn[only_0_class]" time="0.008" /><testcase classname="tests.test_aabovebsidebar" name="test_aabovebsidebar_closetoarithmeticprogression" time="0.000" /><testcase classname="tests.test_aabovebsidebar" name="test_aabovebsidebar_removeintegerscale" time="0.000" /><testcase classname="tests.test_aabovebsidebar" name="test_aabovebsidebar_makeascending" time="0.001" /><testcase classname="tests.test_aabovebsidebar" name="test_generate_alternatives" time="0.001" /><testcase classname="tests.test_aabovebsidebar" name="test_valid_value" time="0.000" /><testcase classname="tests.test_aabovebsidebar" name="test_aabovebsidebar_isstrictlyincreasing" time="0.000" /><testcase classname="tests.test_coordinate_extraction" name="test_strLV95" time="0.000" /><testcase classname="tests.test_coordinate_extraction" name="test_to_jsonLV95" time="0.000" /><testcase classname="tests.test_coordinate_extraction" name="test_swap_coordinates" time="0.001" /><testcase classname="tests.test_coordinate_extraction" name="test_strLV03" time="0.000" /><testcase classname="tests.test_coordinate_extraction" name="test_to_jsonLV03" time="0.000" /><testcase classname="tests.test_coordinate_extraction" name="test_CoordinateExtractor_extract_coordinates" time="0.096" /><testcase classname="tests.test_coordinate_extraction" name="test_CoordinateExtractor_extract_coordinates_with_digits_in_coordinates" time="0.078" /><testcase classname="tests.test_coordinate_extraction" name="test_CoordinateExtractor_find_coordinate_key" time="0.001" /><testcase classname="tests.test_coordinate_extraction" name="test_CoordinateExtractor_get_coordinates_with_x_y_labels" time="0.001" /><testcase classname="tests.test_coordinate_extraction" name="test_get_axis_aligned_lines" time="0.001" /><testcase classname="tests.test_coordinate_extraction" name="test_CoordinateExtractor_get_coordinates_near_key" time="0.002" /><testcase classname="tests.test_coordinate_extraction" name="test_CoordinateExtractor_get_coordinates_from_lines[sample text followed by a key with a spelling mistake Ko0rdinate 615.790 / 157.500 and some noise-expected0]" time="0.001" /><testcase classname="tests.test_coordinate_extraction" name="test_CoordinateExtractor_get_coordinates_from_lines[sample text followed by a key with a spelling mistake Ko0rdinate X= 615.790 / Y157.500 and some noise-expected1]" time="0.001" /><testcase classname="tests.test_coordinate_extraction" name="test_CoordinateExtractor_get_coordinates_from_lines[sample text followed by a key with a spelling mistake Ko0rdinate X: 2'615'790 / 1'157'500 and some noise-expected2]" time="0.001" /><testcase classname="tests.test_coordinate_extraction" name="test_CoordinateExtractor_get_coordinates_from_lines[sample text followed by a key with a spelling mistake Ko0rdinate X 2615790 / 1157500 and some noise-expected3]" time="0.001" /><testcase classname="tests.test_coordinate_extraction" name="test_CoordinateExtractor_get_coordinates_from_lines[sample text followed by a key with a spelling mistake Ko0rdinate 615790 / 157500 and some noise-expected4]" time="0.001" /><testcase classname="tests.test_coordinate_extraction" name="test_CoordinateExtractor_get_coordinates_from_lines_rect" time="0.001" /><testcase classname="tests.test_coordinate_extraction" name="test_get_single_decimal_coordinates" time="0.000" /><testcase classname="tests.test_coordinate_extraction" name="test_get_double_decimal_coordinates" time="0.001" /><testcase classname="tests.test_dataclasses" name="test_distance_to" time="0.001" /><testcase classname="tests.test_dataclasses" name="test_slope" time="0.000" /><testcase classname="tests.test_dataclasses" name="test_intercept" time="0.000" /><testcase classname="tests.test_depthcolumnentry" name="test_from_string_value" time="0.000" /><testcase classname="tests.test_find_sidebar" name="test_depth_column_entries" time="0.001" /><testcase classname="tests.test_find_sidebar" name="test_depth_column_entries_with_splits" time="0.000" /><testcase classname="tests.test_find_sidebar" name="test_depth_column_entries_with_leading_character" time="0.000" /><testcase classname="tests.test_find_sidebar" name="test_aabovebsidebarextractor_arithmetic_progression" time="0.001" /><testcase classname="tests.test_find_sidebar" name="test_aabovebsidebarextractor" time="0.001" /><testcase classname="tests.test_find_sidebar" name="test_aabovebsidebarextractor_two_column" time="0.002" /><testcase classname="tests.test_find_sidebar" name="test_atobsidebarextractor" time="0.001" /><testcase classname="tests.test_find_sidebar" name="test_atobsidebarextractor_two_columns" time="0.001" /><testcase classname="tests.test_geometric_line_utilities" name="test_odr_regression[odr_regression_case0]" time="0.001" /><testcase classname="tests.test_geometric_line_utilities" name="test_odr_regression[odr_regression_case1]" time="0.000" /><testcase classname="tests.test_geometric_line_utilities" name="test_odr_regression[odr_regression_case2]" time="0.000" /><testcase classname="tests.test_geometric_line_utilities" name="test_odr_regression[odr_regression_case3]" time="0.000" /><testcase classname="tests.test_geometric_line_utilities" name="test_odr_regression[odr_regression_case4]" time="0.000" /><testcase classname="tests.test_geometric_line_utilities" name="test_odr_regression[odr_regression_case5]" time="0.000" /><testcase classname="tests.test_geometric_line_utilities" name="test_odr_regression[odr_regression_case6]" time="0.000" /><testcase classname="tests.test_geometric_line_utilities" name="test_odr_regression_with_zeroes[odr_regression_with_zeroes_case0]" time="0.001" /><testcase classname="tests.test_geometric_line_utilities" name="test_odr_regression_with_zeroes[odr_regression_with_zeroes_case1]" time="0.001" /><testcase classname="tests.test_geometric_line_utilities" name="test_get_orthogonal_projection_to_line[orthogonal_projection_case0]" time="0.001" /><testcase classname="tests.test_geometric_line_utilities" name="test_get_orthogonal_projection_to_line[orthogonal_projection_case1]" time="0.000" /><testcase classname="tests.test_geometric_line_utilities" name="test_get_orthogonal_projection_to_line[orthogonal_projection_case2]" time="0.000" /><testcase classname="tests.test_geometric_line_utilities" name="test_get_orthogonal_projection_to_line[orthogonal_projection_case3]" time="0.000" /><testcase classname="tests.test_geometric_line_utilities" name="test_get_orthogonal_projection_to_line[orthogonal_projection_case4]" time="0.001" /><testcase classname="tests.test_geometric_line_utilities" name="test_get_orthogonal_projection_to_line[orthogonal_projection_case5]" time="0.001" /><testcase classname="tests.test_geometric_line_utilities" name="test_merge_lines[merge_lines_case0]" time="0.001" /><testcase classname="tests.test_geometric_line_utilities" name="test_merge_lines[merge_lines_case1]" time="0.001" /><testcase classname="tests.test_geometric_line_utilities" name="test_merge_lines[merge_lines_case2]" time="0.001" /><testcase classname="tests.test_geometric_line_utilities" name="test_merge_lines[merge_lines_case3]" time="0.000" /><testcase classname="tests.test_geometric_line_utilities" name="test_merge_lines[merge_lines_case4]" time="0.000" /><testcase classname="tests.test_geometric_line_utilities" name="test_merge_lines[merge_lines_case5]" time="0.000" /><testcase classname="tests.test_geometric_line_utilities" name="test_are_close[line10-line20-5-True]" time="0.001" /><testcase classname="tests.test_geometric_line_utilities" name="test_are_close[line11-line21-5-True]" time="0.001" /><testcase classname="tests.test_geometric_line_utilities" name="test_are_close[line12-line22-5-True]" time="0.001" /><testcase classname="tests.test_geometric_line_utilities" name="test_are_close[line13-line23-5-True]" time="0.001" /><testcase classname="tests.test_geometric_line_utilities" name="test_are_close[line14-line24-5-False]" time="0.001" /><testcase classname="tests.test_geometric_line_utilities" name="test_are_close[line15-line25-5-False]" time="0.001" /><testcase classname="tests.test_geometric_line_utilities" name="test_merge_parallel_lines_quadtree" time="0.001" /><testcase classname="tests.test_geometric_line_utilities" name="test_is_point_near_line[line0-point0-10-3-True]" time="0.001" /><testcase classname="tests.test_geometric_line_utilities" name="test_is_point_near_line[line1-point1-10-3-False]" time="0.001" /><testcase classname="tests.test_geometric_line_utilities" name="test_is_point_near_line[line2-point2-10-3-False]" time="0.001" /><testcase classname="tests.test_geometric_line_utilities" name="test_is_point_near_line[line3-point3-10-3-True]" time="0.001" /><testcase classname="tests.test_geometric_line_utilities" name="test_is_point_near_line[line4-point4-1-1-True]" time="0.001" /><testcase classname="tests.test_geometric_line_utilities" name="test_is_point_near_line[line5-point5-1-1-False]" time="0.001" /><testcase classname="tests.test_geometric_line_utilities" name="test_is_point_near_line[line6-point6-1-1-False]" time="0.001" /><testcase classname="tests.test_geometric_line_utilities" name="test_is_point_near_line[line7-point7-10-10-True]" time="0.001" /><testcase classname="tests.test_geometric_line_utilities" name="test_are_parallel_vertical_cases[line10-line20-True]" time="0.001" /><testcase classname="tests.test_geometric_line_utilities" name="test_are_parallel_vertical_cases[line11-line21-True]" time="0.001" /><testcase classname="tests.test_geometric_line_utilities" name="test_are_parallel_vertical_cases[line12-line22-True]" time="0.001" /><testcase classname="tests.test_geometric_line_utilities" name="test_are_parallel_vertical_cases[line13-line23-False]" time="0.001" /><testcase classname="tests.test_geometric_line_utilities" name="test_are_mergeable[line10-line20-False]" time="0.001" /><testcase classname="tests.test_geometric_line_utilities" name="test_are_mergeable[line11-line21-False]" time="0.000" /><testcase classname="tests.test_geometric_line_utilities" name="test_are_mergeable[line12-line22-True]" time="0.000" /><testcase classname="tests.test_geometric_line_utilities" name="test_are_mergeable[line13-line23-True]" time="0.000" /><testcase classname="tests.test_geometric_line_utilities" name="test_distance_to_segment[line0-point0-0.0]" time="0.001" /><testcase classname="tests.test_geometric_line_utilities" name="test_distance_to_segment[line1-point1-3.0]" time="0.000" /><testcase classname="tests.test_geometric_line_utilities" name="test_distance_to_segment[line2-point2-0.0]" time="0.001" /><testcase classname="tests.test_geometric_line_utilities" name="test_distance_to_segment[line3-point3-0.0]" time="0.001" /><testcase classname="tests.test_geometric_line_utilities" name="test_distance_to_segment[line4-point4-5.0]" time="0.001" /><testcase classname="tests.test_geometric_line_utilities" name="test_distance_to_segment[line5-point5-5.0]" time="0.001" /><testcase classname="tests.test_geometric_line_utilities" name="test_distance_to_segment[line6-point6-0.0]" time="0.001" /><testcase classname="tests.test_geometric_line_utilities" name="test_point_near_segment[line0-point0-1.0-True]" time="0.001" /><testcase classname="tests.test_geometric_line_utilities" name="test_point_near_segment[line1-point1-1.0-True]" time="0.001" /><testcase classname="tests.test_geometric_line_utilities" name="test_point_near_segment[line2-point2-1.0-True]" time="0.001" /><testcase classname="tests.test_geometric_line_utilities" name="test_point_near_segment[line3-point3-1.0-False]" time="0.001" /><testcase classname="tests.test_geometric_line_utilities" name="test_point_near_segment[line4-point4-1.0-True]" time="0.001" /><testcase classname="tests.test_geometric_line_utilities" name="test_point_near_segment[line5-point5-1.5-True]" time="0.001" /><testcase classname="tests.test_geometric_line_utilities" name="test_point_near_segment[line6-point6-1.0-False]" time="0.001" /><testcase classname="tests.test_geometric_line_utilities" name="test_intersects_with[line10-line20-True]" time="0.000" /><testcase classname="tests.test_geometric_line_utilities" name="test_intersects_with[line11-line21-True]" time="0.000" /><testcase classname="tests.test_geometric_line_utilities" name="test_intersects_with[line12-line22-False]" time="0.000" /><testcase classname="tests.test_geometric_line_utilities" name="test_intersects_with[line13-line23-False]" time="0.001" /><testcase classname="tests.test_geometric_line_utilities" name="test_intersects_with[line14-line24-True]" time="0.001" /><testcase classname="tests.test_geometric_line_utilities" name="test_intersects_with[line15-line25-True]" time="0.000" /><testcase classname="tests.test_geometric_line_utilities" name="test_intersects_with[line16-line26-True]" time="0.001" /><testcase classname="tests.test_geometric_line_utilities" name="test_intersects_with[line17-line27-False]" time="0.000" /><testcase classname="tests.test_groundwater" name="test_extract_date" time="0.004" /><testcase classname="tests.test_groundwater" name="test_add_groundwater_metrics" time="0.000" /><testcase classname="tests.test_groundwater" name="test_groundwater_metrics_to_overall_metrics" time="0.000" /><testcase classname="tests.test_groundwater" name="test_groundwater_depth_metrics_to_overall_metrics" time="0.001" /><testcase classname="tests.test_groundwater" name="test_evaluate_with_ground_truth" time="0.002" /><testcase classname="tests.test_groundwater" name="test_evaluate_multiple_documents" time="0.001" /><testcase classname="tests.test_groundwater_symbol_detection" name="test_is_valid_pair[l_top0-l_bot0-hit_line0-True-valid_perfect_symbol]" time="0.001" /><testcase classname="tests.test_groundwater_symbol_detection" name="test_is_valid_pair[l_top1-l_bot1-hit_line1-False-invalid_bottom_line_too_long]" time="0.001" /><testcase classname="tests.test_groundwater_symbol_detection" name="test_is_valid_pair[l_top2-l_bot2-hit_line2-False-invalid_gap_too_big]" time="0.001" /><testcase classname="tests.test_groundwater_symbol_detection" name="test_is_valid_pair[l_top3-l_bot3-hit_line3-False-invalid_symbol_too_big]" time="0.001" /><testcase classname="tests.test_groundwater_symbol_detection" name="test_is_valid_pair[l_top4-l_bot4-hit_line4-False-invalid_textline_not_close_enough]" time="0.001" /><testcase classname="tests.test_groundwater_symbol_detection" name="test_is_valid_pair[l_top5-l_bot5-hit_line5-False-invalid_textline_inside_gap]" time="0.001" /><testcase classname="tests.test_interval" name="test_atobintervalextractor_fromtext" time="0.005" /><testcase classname="tests.test_interval" name="test_clean_block_number_formats[5 - 7.1 m Clay and silt-Clay and silt]" time="0.001" /><testcase classname="tests.test_interval" name="test_clean_block_number_formats[5,0 - 7,1 m Clay and silt-Clay and silt]" time="0.001" /><testcase classname="tests.test_interval" name="test_clean_block_number_formats[5.0 - 7.1 m Clay and silt-Clay and silt]" time="0.001" /><testcase classname="tests.test_interval" name="test_clean_block_number_formats[5,00 - 7,10 m Clay and silt-Clay and silt]" time="0.001" /><testcase classname="tests.test_interval" name="test_clean_block_number_formats[5.00 - 7.10 m Clay and silt-Clay and silt]" time="0.001" /><testcase classname="tests.test_interval" name="test_clean_block_number_formats[5.000 - 7.100 m Clay and silt-Clay and silt]" time="0.001" /><testcase classname="tests.test_interval" name="test_clean_block_number_formats[5,000 - 7,100 m Clay and silt-Clay and silt]" time="0.001" /><testcase classname="tests.test_interval" name="test_clean_block_spacing_patterns[5-7.1m Clay and silt-Clay and silt]" time="0.001" /><testcase classname="tests.test_interval" name="test_clean_block_spacing_patterns[5 -7.1m Clay and silt-Clay and silt]" time="0.001" /><testcase classname="tests.test_interval" name="test_clean_block_spacing_patterns[5- 7.1m Clay and silt-Clay and silt]" time="0.001" /><testcase classname="tests.test_interval" name="test_clean_block_spacing_patterns[5  -  7.1  m  Clay and silt-Clay and silt]" time="0.001" /><testcase classname="tests.test_interval" name="test_clean_block_spacing_patterns[   5-7.1m   Clay and silt-Clay and silt]" time="0.001" /><testcase classname="tests.test_interval" name="test_clean_block_punctuation[5-7.1m: Clay and silt-Clay and silt]" time="0.001" /><testcase classname="tests.test_interval" name="test_clean_block_punctuation[5-7.1m; Clay and silt-Clay and silt]" time="0.001" /><testcase classname="tests.test_interval" name="test_clean_block_punctuation[5-7.1m. Clay and silt-Clay and silt]" time="0.001" /><testcase classname="tests.test_interval" name="test_clean_block_no_match[Clay and silt]" time="0.000" /><testcase classname="tests.test_interval" name="test_clean_block_no_match[Layer 5: Clay and silt]" time="0.000" /><testcase classname="tests.test_interval" name="test_clean_block_no_match[From the surface: Clay and silt]" time="0.000" /><testcase classname="tests.test_interval" name="test_clean_block_empty_result" time="0.000" /><testcase classname="tests.test_interval_block_pairs" name="test_dp_manual[standard_map]" time="0.001" /><testcase classname="tests.test_interval_block_pairs" name="test_dp_manual[lines_not_compatible]" time="0.001" /><testcase classname="tests.test_language_filtering" name="test_match_any_keyword[full-word]" time="0.001" /><testcase classname="tests.test_language_filtering" name="test_match_any_keyword[ignore-case]" time="0.001" /><testcase classname="tests.test_language_filtering" name="test_match_any_keyword[anchored-start]" time="0.001" /><testcase classname="tests.test_language_filtering" name="test_match_any_keyword[neg-anchored-start]" time="0.001" /><testcase classname="tests.test_language_filtering" name="test_match_any_keyword[anchored-end]" time="0.001" /><testcase classname="tests.test_language_filtering" name="test_match_any_keyword[neg-anchored-end]" time="0.001" /><testcase classname="tests.test_language_filtering" name="test_match_any_keyword[first-match]" time="0.002" /><testcase classname="tests.test_language_filtering" name="test_normalize_spaces[double-space]" time="0.000" /><testcase classname="tests.test_language_filtering" name="test_normalize_spaces[leading-trailing]" time="0.000" /><testcase classname="tests.test_language_filtering" name="test_remove_any_keyword[nr-without-space]" time="0.001" /><testcase classname="tests.test_language_filtering" name="test_remove_any_keyword[nr-with-space]" time="0.000" /><testcase classname="tests.test_language_filtering" name="test_remove_any_keyword[ignore-case]" time="0.000" /><testcase classname="tests.test_language_filtering" name="test_remove_any_keyword[n-masc-ordinal]" time="0.001" /><testcase classname="tests.test_language_filtering" name="test_remove_any_keyword[n-degree]" time="0.001" /><testcase classname="tests.test_language_filtering" name="test_remove_any_keyword[multiple-keywords]" time="0.002" /><testcase classname="tests.test_language_filtering" name="test_clean_borehole_name[empty-keywords]" time="0.001" /><testcase classname="tests.test_language_filtering" name="test_clean_borehole_name[none-keywords]" time="0.001" /><testcase classname="tests.test_language_filtering" name="test_clean_borehole_name[exclude-keywords]" time="0.001" /><testcase classname="tests.test_language_filtering" name="test_clean_borehole_name[exclude-scale]" time="0.000" /><testcase classname="tests.test_language_filtering" name="test_clean_borehole_name[exclude-comment]" time="0.000" /><testcase classname="tests.test_language_filtering" name="test_clean_borehole_name[exclude-punc]" time="0.001" /><testcase classname="tests.test_language_filtering" name="test_clean_borehole_name[exclude-empty]" time="0.000" /><testcase classname="tests.test_layer_evaluator" name="test_layer_matching[order_preserving_match]" time="0.003" /><testcase classname="tests.test_layer_evaluator" name="test_layer_matching[perfect_depth_match]" time="0.001" /><testcase classname="tests.test_layer_evaluator" name="test_layer_matching[direct_layer_mapping]" time="0.001" /><testcase classname="tests.test_layer_evaluator" name="test_layer_matching[direct_depth_mapping]" time="0.001" /><testcase classname="tests.test_layer_evaluator" name="test_layer_matching[off_by_one_mat_mapping]" time="0.001" /><testcase classname="tests.test_layer_evaluator" name="test_layer_matching[layer_mapping_score_tie]" time="0.001" /><testcase classname="tests.test_layerdepths" name="test_line_anchor" time="0.001" /><testcase classname="tests.test_layerdepths" name="test_background_rect" time="0.001" /><testcase classname="tests.test_line_affinity" name="test_get_description_blocks[no_geom_lines]" time="0.001" /><testcase classname="tests.test_line_affinity" name="test_get_description_blocks[span_line]" time="0.001" /><testcase classname="tests.test_line_affinity" name="test_get_description_blocks[left_line]" time="0.001" /><testcase classname="tests.test_overlap_detection" name="test_find_last_duplicate_no_duplicates" time="0.000" /><testcase classname="tests.test_overlap_detection" name="test_find_last_duplicate_single_at_top" time="0.000" /><testcase classname="tests.test_overlap_detection" name="test_find_last_duplicate_multiple_consecutive" time="0.000" /><testcase classname="tests.test_overlap_detection" name="test_find_last_duplicate_wrong_line_grouping" time="0.001" /><testcase classname="tests.test_overlap_detection" name="test_find_last_duplicate_false_positive" time="0.000" /><testcase classname="tests.test_overlap_detection" name="test_find_last_duplicate_prev_bottom_cropped" time="0.000" /><testcase classname="tests.test_overlap_detection" name="test_find_last_duplicate_current_top_cropped" time="0.000" /><testcase classname="tests.test_overlap_detection" name="test_find_last_duplicate_ocr_error" time="0.000" /><testcase classname="tests.test_overlap_detection" name="test_find_last_duplicate_full_duplicates" time="0.000" /><testcase classname="tests.test_predictions" name="test_to_json" time="0.001" /><testcase classname="tests.test_predictions" name="test_overall_file_predictions" time="0.001" /><testcase classname="tests.test_predictions" name="test_evaluate_layer_matching" time="0.001" /><testcase classname="tests.test_predictions" name="test_evaluate_metadata_extraction" time="0.015" /><testcase classname="tests.test_predictions" name="test_evaluate[values0-ground_truth0-expected0]" time="0.001" /><testcase classname="tests.test_predictions" name="test_evaluate[values1-ground_truth1-expected1]" time="0.000" /><testcase classname="tests.test_predictions" name="test_evaluate[values2-ground_truth2-expected2]" time="0.000" /><testcase classname="tests.test_predictions" name="test_evaluate[values3-ground_truth3-expected3]" time="0.000" /><testcase classname="tests.test_predictions" name="test_evaluate[values4-ground_truth4-expected4]" time="0.000" /><testcase classname="tests.test_predictions" name="test_evaluate[values5-ground_truth5-expected5]" time="0.000" /><testcase classname="tests.test_predictions" name="test_evaluate_single[1-1-expected0]" time="0.001" /><testcase classname="tests.test_predictions" name="test_evaluate_single[1-2-expected1]" time="0.000" /><testcase classname="tests.test_predictions" name="test_evaluate_single[1-None-expected2]" time="0.000" /><testcase classname="tests.test_predictions" name="test_evaluate_single[None-1-expected3]" time="0.000" /><testcase classname="tests.test_predictions" name="test_evaluate_single[None-None-expected4]" time="0.001" /><testcase classname="tests.test_predictions" name="test_merge_boreholes" time="0.001" /><testcase classname="tests.test_textblock" name="test_concatenate" time="0.000" /><testcase classname="tests.test_textblock" name="test_post_init" time="0.000" /><testcase classname="tests.test_textblock" name="test_post_init_longer_text" time="0.000" /><testcase classname="tests.test_textline_matching" name="test_split_compounds[tokens0-0.4-expected0]" time="0.001" /><testcase classname="tests.test_textline_matching" name="test_split_compounds[tokens1-0.4-expected1]" time="0.001" /><testcase classname="tests.test_textline_matching" name="test_split_compounds[tokens2-0.4-expected2]" time="0.001" /><testcase classname="tests.test_textline_matching" name="test_split_compounds[tokens3-0.4-expected3]" time="0.000" /><testcase classname="tests.test_textline_matching" name="test_split_compounds[tokens4-0.4-expected4]" time="0.000" /><testcase classname="tests.test_textline_matching" name="test_split_compounds[tokens5-0.9-expected5]" time="0.000" /><testcase classname="tests.test_textline_matching" name="test_split_compounds[tokens6-0.4-expected6]" time="0.000" /><testcase classname="tests.test_textline_matching" name="test_match_patterns[many-to-one]" time="0.001" /><testcase classname="tests.test_textline_matching" name="test_match_patterns[one-to-many]" time="0.000" /><testcase classname="tests.test_textline_matching" name="test_match_patterns[many-to-many]" time="0.001" /><testcase classname="tests.test_textline_matching" name="test_match_patterns[redunduncy]" time="0.000" /><testcase classname="tests.test_textline_matching" name="test_match_patterns[many-to-none]" time="0.000" /><testcase classname="tests.test_textline_matching" name="test_match_patterns[none-to-many]" time="0.000" /><testcase classname="tests.test_textline_matching" name="test_find_matching_expressions[patterns0-0.4-targets0-de-False-True]" time="0.001" /><testcase classname="tests.test_textline_matching" name="test_find_matching_expressions[patterns1-0.4-targets1-fr-False-True]" time="0.001" /><testcase classname="tests.test_textline_matching" name="test_find_matching_expressions[patterns2-0.4-targets2-en-False-True]" time="0.001" /><testcase classname="tests.test_textline_matching" name="test_find_matching_expressions[patterns3-0.4-targets3-de-False-False]" time="0.001" /><testcase classname="tests.test_textline_matching" name="test_find_matching_expressions[patterns4-0.4-targets4-de-False-False]" time="0.001" /><testcase classname="tests.test_textline_matching" name="test_find_matching_expressions[patterns5-0.4-targets5-de-False-True]" time="0.001" /><testcase classname="tests.test_textline_matching" name="test_find_matching_expressions[patterns6-0.4-targets6-de-False-True]" time="0.001" /><testcase classname="tests.test_textline_matching" name="test_find_matching_expressions[patterns7-0.4-targets7-de-False-True]" time="0.001" /><testcase classname="tests.test_textline_matching" name="test_find_matching_expressions[patterns8-0.4-targets8-de-True-False]" time="0.001" /><testcase classname="tests.test_textline_matching" name="test_find_matching_expressions[patterns9-0.9-targets9-de-False-False]" time="0.004" /></testsuite></testsuites>